<?xml version="1.0" encoding="UTF-8"?>
<!-- Generated by org.testng.reporters.JUnitReportReporter -->
<testsuite hostname="DESKTOP-7HNKN0S" name="com.itc.calc.testcases.CalorieCalculatorDDTTestCase" tests="3" failures="0" timestamp="8 Apr 2021 07:06:49 GMT" time="4.804" errors="0">
  <testcase name="EnterCalorieDetails" time="2.202" classname="com.itc.calc.testcases.CalorieCalculatorDDTTestCase"/>
  <testcase name="EnterCalorieDetails" time="1.310" classname="com.itc.calc.testcases.CalorieCalculatorDDTTestCase"/>
  <testcase name="EnterCalorieDetails" time="1.292" classname="com.itc.calc.testcases.CalorieCalculatorDDTTestCase"/>
</testsuite> <!-- com.itc.calc.testcases.CalorieCalculatorDDTTestCase -->
