<?xml version="1.0" encoding="UTF-8"?>
<!-- Generated by org.testng.reporters.JUnitReportReporter -->
<testsuite hostname="DESKTOP-7HNKN0S" name="testngPack.testngAllAnnotations" tests="1" failures="0" timestamp="9 Apr 2021 04:58:28 GMT" time="0.006" errors="0">
  <testcase name="testngmethod" time="0.006" classname="testngPack.testngAllAnnotations"/>
</testsuite> <!-- testngPack.testngAllAnnotations -->
