<?xml version="1.0" encoding="UTF-8"?>
<!-- Generated by org.testng.reporters.JUnitReportReporter -->
<testsuite hostname="DESKTOP-7HNKN0S" name="com.itc.calc.testcases.CalorieCalculatorPageTestCase" tests="1" failures="0" timestamp="8 Apr 2021 11:02:39 GMT" time="8.677" errors="0">
  <testcase name="EnterCalorieDetails" time="8.677" classname="com.itc.calc.testcases.CalorieCalculatorPageTestCase"/>
</testsuite> <!-- com.itc.calc.testcases.CalorieCalculatorPageTestCase -->
