<?xml version="1.0" encoding="UTF-8"?>
<!-- Generated by org.testng.reporters.JUnitReportReporter -->
<testsuite hostname="DESKTOP-7HNKN0S" name="testngPack.CalorieCalculatorTestCase" tests="2" failures="0" timestamp="8 Apr 2021 06:22:36 GMT" time="27.917" errors="0">
  <testcase name="EnterCalorieDetails" time="11.793" classname="testngPack.CalorieCalculatorTestCase"/>
  <testcase name="ExtractWebTable" time="16.124" classname="testngPack.CalorieCalculatorTestCase"/>
</testsuite> <!-- testngPack.CalorieCalculatorTestCase -->
