<?xml version="1.0" encoding="UTF-8"?>
<!-- Generated by org.testng.reporters.JUnitReportReporter -->
<testsuite hostname="DESKTOP-7HNKN0S" name="com.itc.calc.testcases.CalorieCalculatorDDT_HTTestCase" tests="3" failures="0" timestamp="8 Apr 2021 08:38:34 GMT" time="4.453" errors="0">
  <testcase name="EnterCalorieDetails" time="1.246" classname="com.itc.calc.testcases.CalorieCalculatorDDT_HTTestCase"/>
  <testcase name="EnterCalorieDetails" time="1.909" classname="com.itc.calc.testcases.CalorieCalculatorDDT_HTTestCase"/>
  <testcase name="EnterCalorieDetails" time="1.298" classname="com.itc.calc.testcases.CalorieCalculatorDDT_HTTestCase"/>
</testsuite> <!-- com.itc.calc.testcases.CalorieCalculatorDDT_HTTestCase -->
