<?xml version="1.0" encoding="UTF-8"?>
<!-- Generated by org.testng.reporters.JUnitReportReporter -->
<testsuite hostname="DESKTOP-7HNKN0S" name="testngPack.CalorieCalculatorTestCase" tests="1" failures="0" timestamp="8 Apr 2021 05:36:15 GMT" time="23.703" errors="0">
  <testcase name="EnterCalorieDetails" time="23.703" classname="testngPack.CalorieCalculatorTestCase"/>
</testsuite> <!-- testngPack.CalorieCalculatorTestCase -->
