<?xml version="1.0" encoding="UTF-8"?>
<!-- Generated by org.testng.reporters.JUnitReportReporter -->
<testsuite hostname="DESKTOP-7HNKN0S" name="testngPack.CalorieCalculatorTestCase2" tests="2" failures="0" timestamp="8 Apr 2021 06:37:31 GMT" time="9.758" errors="0">
  <testcase name="EnterCalorieDetails" time="1.305" classname="testngPack.CalorieCalculatorTestCase2"/>
  <testcase name="ExtractWebTable" time="8.453" classname="testngPack.CalorieCalculatorTestCase2"/>
</testsuite> <!-- testngPack.CalorieCalculatorTestCase2 -->
