<?xml version="1.0" encoding="UTF-8"?>
<!-- Generated by org.testng.reporters.JUnitReportReporter -->
<testsuite hostname="DESKTOP-7HNKN0S" name="com.itc.calc.testcases.CalorieCalculatorDDT_ExcelTestCase" tests="3" failures="0" timestamp="8 Apr 2021 10:08:15 GMT" time="4.158" errors="0">
  <testcase name="EnterCalorieDetails" time="1.634" classname="com.itc.calc.testcases.CalorieCalculatorDDT_ExcelTestCase"/>
  <testcase name="EnterCalorieDetails" time="1.256" classname="com.itc.calc.testcases.CalorieCalculatorDDT_ExcelTestCase"/>
  <testcase name="EnterCalorieDetails" time="1.268" classname="com.itc.calc.testcases.CalorieCalculatorDDT_ExcelTestCase"/>
</testsuite> <!-- com.itc.calc.testcases.CalorieCalculatorDDT_ExcelTestCase -->
