<?xml version="1.0" encoding="UTF-8"?>
<!-- Generated by org.testng.reporters.JUnitReportReporter -->
<testsuite hostname="DESKTOP-7HNKN0S" name="testngPack.testngExample" tests="1" failures="0" timestamp="8 Apr 2021 04:46:33 GMT" time="0.017" errors="0">
  <testcase name="testngmethod" time="0.017" classname="testngPack.testngExample"/>
</testsuite> <!-- testngPack.testngExample -->
