<?xml version="1.0" encoding="UTF-8"?>
<!-- Generated by org.testng.reporters.JUnitReportReporter -->
<testsuite hostname="DESKTOP-7HNKN0S" name="com.itc.calc.testcases.CalorieCalculatorPageTestCase" tests="1" failures="0" timestamp="8 Apr 2021 12:01:04 GMT" time="9.507" errors="0">
  <testcase name="EnterCalorieDetails" time="9.507" classname="com.itc.calc.testcases.CalorieCalculatorPageTestCase"/>
</testsuite> <!-- com.itc.calc.testcases.CalorieCalculatorPageTestCase -->
