<?xml version="1.0" encoding="UTF-8"?>
<!-- Generated by org.testng.reporters.JUnitReportReporter -->
<testsuite hostname="DESKTOP-7HNKN0S" name="testngPack.CaptureScreenshot" tests="1" failures="0" timestamp="9 Apr 2021 04:40:28 GMT" time="10.155" errors="0">
  <testcase name="getScreenshot" time="10.155" classname="testngPack.CaptureScreenshot"/>
</testsuite> <!-- testngPack.CaptureScreenshot -->
